# JRE version: OpenJDK Runtime Environment (8.0_242-b01) (build 1.8.0_242-release-1644-b01)
# Java VM: OpenJDK 64-Bit Server VM (25.242-b01 mixed mode windows-amd64 compressed oops)
Heap:
 PSYoungGen      total 543232K, used 543118K [0x00000000d5580000, 0x0000000100000000, 0x0000000100000000)
  eden space 461312K, 100% used [0x00000000d5580000,0x00000000f1800000,0x00000000f1800000)
  from space 81920K, 99% used [0x00000000f1800000,0x00000000f67e3b28,0x00000000f6800000)
  to   space 123392K, 65% used [0x00000000f8780000,0x00000000fd6e22d8,0x0000000100000000)
 ParOldGen       total 202752K, used 89702K [0x0000000080000000, 0x000000008c600000, 0x00000000d5580000)
  object space 202752K, 44% used [0x0000000080000000,0x0000000085799a60,0x000000008c600000)
 Metaspace       used 143872K, capacity 157368K, committed 157616K, reserved 1185792K
  class space    used 18217K, capacity 20621K, committed 20656K, reserved 1048576K
GC Heap History (10 events):
Event: 13378.570 GC heap after
Heap after GC invocations=66 (full 7):
 PSYoungGen      total 616960K, used 66431K [0x00000000d5580000, 0x0000000100000000, 0x0000000100000000)
  eden space 550400K, 0% used [0x00000000d5580000,0x00000000d5580000,0x00000000f6f00000)
  from space 66560K, 99% used [0x00000000f6f00000,0x00000000fafdfd98,0x00000000fb000000)
  to   space 81408K, 0% used [0x00000000fb080000,0x00000000fb080000,0x0000000100000000)
 ParOldGen       total 202752K, used 49436K [0x0000000080000000, 0x000000008c600000, 0x00000000d5580000)
  object space 202752K, 24% used [0x0000000080000000,0x0000000083047138,0x000000008c600000)
 Metaspace       used 143445K, capacity 156892K, committed 157104K, reserved 1185792K
  class space    used 18161K, capacity 20561K, committed 20656K, reserved 1048576K
}
Event: 13381.578 GC heap before
{Heap before GC invocations=67 (full 7):
 PSYoungGen      total 616960K, used 616831K [0x00000000d5580000, 0x0000000100000000, 0x0000000100000000)
  eden space 550400K, 100% used [0x00000000d5580000,0x00000000f6f00000,0x00000000f6f00000)
  from space 66560K, 99% used [0x00000000f6f00000,0x00000000fafdfd98,0x00000000fb000000)
  to   space 81408K, 0% used [0x00000000fb080000,0x00000000fb080000,0x0000000100000000)
 ParOldGen       total 202752K, used 49436K [0x0000000080000000, 0x000000008c600000, 0x00000000d5580000)
  object space 202752K, 24% used [0x0000000080000000,0x0000000083047138,0x000000008c600000)
 Metaspace       used 143532K, capacity 156978K, committed 157104K, reserved 1185792K
  class space    used 18166K, capacity 20564K, committed 20656K, reserved 1048576K
Event: 13384.398 GC heap after
Heap after GC invocations=67 (full 7):
 PSYoungGen      total 574464K, used 81388K [0x00000000d5580000, 0x0000000100000000, 0x0000000100000000)
  eden space 493056K, 0% used [0x00000000d5580000,0x00000000d5580000,0x00000000f3700000)
  from space 81408K, 99% used [0x00000000fb080000,0x00000000ffffb250,0x0000000100000000)
  to   space 102912K, 0% used [0x00000000f3700000,0x00000000f3700000,0x00000000f9b80000)
 ParOldGen       total 202752K, used 75596K [0x0000000080000000, 0x000000008c600000, 0x00000000d5580000)
  object space 202752K, 37% used [0x0000000080000000,0x00000000849d3068,0x000000008c600000)
 Metaspace       used 143532K, capacity 156978K, committed 157104K, reserved 1185792K
  class space    used 18166K, capacity 20564K, committed 20656K, reserved 1048576K
}
Event: 13386.324 GC heap before
{Heap before GC invocations=68 (full 7):
 PSYoungGen      total 574464K, used 574444K [0x00000000d5580000, 0x0000000100000000, 0x0000000100000000)
  eden space 493056K, 100% used [0x00000000d5580000,0x00000000f3700000,0x00000000f3700000)
  from space 81408K, 99% used [0x00000000fb080000,0x00000000ffffb250,0x0000000100000000)
  to   space 102912K, 0% used [0x00000000f3700000,0x00000000f3700000,0x00000000f9b80000)
 ParOldGen       total 202752K, used 75596K [0x0000000080000000, 0x000000008c600000, 0x00000000d5580000)
  object space 202752K, 37% used [0x0000000080000000,0x00000000849d3068,0x000000008c600000)
 Metaspace       used 143616K, capacity 157046K, committed 157360K, reserved 1185792K
  class space    used 18178K, capacity 20564K, committed 20656K, reserved 1048576K
Event: 13386.554 GC heap after
Heap after GC invocations=68 (full 7):
 PSYoungGen      total 577536K, used 84293K [0x00000000d5580000, 0x0000000100000000, 0x0000000100000000)
  eden space 493056K, 0% used [0x00000000d5580000,0x00000000d5580000,0x00000000f3700000)
  from space 84480K, 99% used [0x00000000f3700000,0x00000000f8951788,0x00000000f8980000)
  to   space 112128K, 0% used [0x00000000f9280000,0x00000000f9280000,0x0000000100000000)
 ParOldGen       total 202752K, used 81499K [0x0000000080000000, 0x000000008c600000, 0x00000000d5580000)
  object space 202752K, 40% used [0x0000000080000000,0x0000000084f96f98,0x000000008c600000)
 Metaspace       used 143616K, capacity 157046K, committed 157360K, reserved 1185792K
  class space    used 18178K, capacity 20564K, committed 20656K, reserved 1048576K
}
Event: 13389.036 GC heap before
{Heap before GC invocations=69 (full 7):
 PSYoungGen      total 577536K, used 577349K [0x00000000d5580000, 0x0000000100000000, 0x0000000100000000)
  eden space 493056K, 100% used [0x00000000d5580000,0x00000000f3700000,0x00000000f3700000)
  from space 84480K, 99% used [0x00000000f3700000,0x00000000f8951788,0x00000000f8980000)
  to   space 112128K, 0% used [0x00000000f9280000,0x00000000f9280000,0x0000000100000000)
 ParOldGen       total 202752K, used 81499K [0x0000000080000000, 0x000000008c600000, 0x00000000d5580000)
  object space 202752K, 40% used [0x0000000080000000,0x0000000084f96f98,0x000000008c600000)
 Metaspace       used 143851K, capacity 157358K, committed 157616K, reserved 1185792K
  class space    used 18216K, capacity 20620K, committed 20656K, reserved 1048576K
Event: 13389.221 GC heap after
Heap after GC invocations=69 (full 7):
 PSYoungGen      total 573440K, used 84029K [0x00000000d5580000, 0x0000000100000000, 0x0000000100000000)
  eden space 461312K, 0% used [0x00000000d5580000,0x00000000d5580000,0x00000000f1800000)
  from space 112128K, 74% used [0x00000000f9280000,0x00000000fe48f558,0x0000000100000000)
  to   space 118784K, 0% used [0x00000000f1800000,0x00000000f1800000,0x00000000f8c00000)
 ParOldGen       total 202752K, used 83886K [0x0000000080000000, 0x000000008c600000, 0x00000000d5580000)
  object space 202752K, 41% used [0x0000000080000000,0x00000000851ebbc0,0x000000008c600000)
 Metaspace       used 143851K, capacity 157358K, committed 157616K, reserved 1185792K
  class space    used 18216K, capacity 20620K, committed 20656K, reserved 1048576K
}
Event: 13390.763 GC heap before
{Heap before GC invocations=70 (full 7):
 PSYoungGen      total 573440K, used 545341K [0x00000000d5580000, 0x0000000100000000, 0x0000000100000000)
  eden space 461312K, 100% used [0x00000000d5580000,0x00000000f1800000,0x00000000f1800000)
  from space 112128K, 74% used [0x00000000f9280000,0x00000000fe48f558,0x0000000100000000)
  to   space 118784K, 0% used [0x00000000f1800000,0x00000000f1800000,0x00000000f8c00000)
 ParOldGen       total 202752K, used 83886K [0x0000000080000000, 0x000000008c600000, 0x00000000d5580000)
  object space 202752K, 41% used [0x0000000080000000,0x00000000851ebbc0,0x000000008c600000)
 Metaspace       used 143855K, capacity 157362K, committed 157616K, reserved 1185792K
  class space    used 18216K, capacity 20620K, committed 20656K, reserved 1048576K
Event: 13391.361 GC heap after
Heap after GC invocations=70 (full 7):
 PSYoungGen      total 543232K, used 81806K [0x00000000d5580000, 0x0000000100000000, 0x0000000100000000)
  eden space 461312K, 0% used [0x00000000d5580000,0x00000000d5580000,0x00000000f1800000)
  from space 81920K, 99% used [0x00000000f1800000,0x00000000f67e3b28,0x00000000f6800000)
  to   space 123392K, 0% used [0x00000000f8780000,0x00000000f8780000,0x0000000100000000)
 ParOldGen       total 202752K, used 88642K [0x0000000080000000, 0x000000008c600000, 0x00000000d5580000)
  object space 202752K, 43% used [0x0000000080000000,0x0000000085690a30,0x000000008c600000)
 Metaspace       used 143855K, capacity 157362K, committed 157616K, reserved 1185792K
  class space    used 18216K, capacity 20620K, committed 20656K, reserved 1048576K
}
Event: 13392.906 GC heap before
{Heap before GC invocations=71 (full 7):
 PSYoungGen      total 543232K, used 543118K [0x00000000d5580000, 0x0000000100000000, 0x0000000100000000)
  eden space 461312K, 100% used [0x00000000d5580000,0x00000000f1800000,0x00000000f1800000)
  from space 81920K, 99% used [0x00000000f1800000,0x00000000f67e3b28,0x00000000f6800000)
  to   space 123392K, 0% used [0x00000000f8780000,0x00000000f8780000,0x0000000100000000)
 ParOldGen       total 202752K, used 88642K [0x0000000080000000, 0x000000008c600000, 0x00000000d5580000)
  object space 202752K, 43% used [0x0000000080000000,0x0000000085690a30,0x000000008c600000)
 Metaspace       used 143872K, capacity 157368K, committed 157616K, reserved 1185792K
  class space    used 18217K, capacity 20621K, committed 20656K, reserved 1048576K

